<?xml version="1.0" encoding="UTF-8"?>
<!-- Generated by org.testng.reporters.JUnitReportReporter -->
<testsuite hostname="LAPTOP-5CVCD5UV" failures="0" tests="1" name="PractisePackage.ReadParamFromCmdLineTest" time="10.959" errors="0" timestamp="2022-09-29T12:56:57 IST" skipped="0">
  <testcase classname="PractisePackage.ReadParamFromCmdLineTest" name="parameters" time="10.959"/>
  <system-out/>
</testsuite> <!-- PractisePackage.ReadParamFromCmdLineTest -->
